2018-05-27T03:33:13.662Z - normal: Load ~/.CocosCreator/settings.json
2018-05-27T03:33:13.665Z - normal: checking language setting...
2018-05-27T03:33:13.665Z - normal: Language: zh
2018-05-27T03:33:14.461Z - success: protocol editor-framework registered
2018-05-27T03:33:14.461Z - success: protocol app registered
2018-05-27T03:33:14.461Z - success: protocol theme registered
2018-05-27T03:33:14.461Z - success: protocol packages registered
2018-05-27T03:33:14.461Z - success: protocol unpack registerred
2018-05-27T03:33:14.461Z - success: protocol disable-commonjs registerred
2018-05-27T03:33:14.670Z - normal: connected!
2018-05-27T03:33:14.672Z - normal: Check project /Users/workspace/twenty
2018-05-27T03:33:14.675Z - normal: Initializing Cocos2d
2018-05-27T03:33:14.911Z - normal: Initializing Asset Database
2018-05-27T03:33:14.945Z - success: protocol uuid registerred
2018-05-27T03:33:14.946Z - success: protocol db registerred
2018-05-27T03:33:14.946Z - success: protocol thumbnail registerred
2018-05-27T03:33:14.946Z - normal: Loading editor/builtin packages
2018-05-27T03:33:14.971Z - success: anysdk loaded
2018-05-27T03:33:15.095Z - success: assets loaded
2018-05-27T03:33:15.098Z - success: builder loaded
2018-05-27T03:33:15.101Z - success: cocos-analytics loaded
2018-05-27T03:33:15.105Z - success: console loaded
2018-05-27T03:33:15.137Z - success: fb-instant-games loaded
2018-05-27T03:33:15.141Z - success: hierarchy loaded
2018-05-27T03:33:15.147Z - success: inspector loaded
2018-05-27T03:33:15.148Z - success: keystore loaded
2018-05-27T03:33:15.157Z - success: node-library loaded
2018-05-27T03:33:15.159Z - success: package-asset loaded
2018-05-27T03:33:15.161Z - success: preferences loaded
2018-05-27T03:33:15.164Z - success: project-exporter loaded
2018-05-27T03:33:15.181Z - success: project-importer loaded
2018-05-27T03:33:15.184Z - success: project-settings loaded
2018-05-27T03:33:15.191Z - success: ui-kit loaded
2018-05-27T03:33:15.197Z - success: ui-grid loaded
2018-05-27T03:33:15.206Z - success: scene loaded
2018-05-27T03:33:15.207Z - success: sprite-editor loaded
2018-05-27T03:33:15.213Z - success: store loaded
2018-05-27T03:33:15.223Z - success: timeline loaded
2018-05-27T03:33:15.223Z - normal: Loading builtin packages
2018-05-27T03:33:15.228Z - success: asset-db-debugger loaded
2018-05-27T03:33:15.229Z - success: color-picker loaded
2018-05-27T03:33:15.232Z - success: package-manager loaded
2018-05-27T03:33:15.239Z - success: sdkbox loaded
2018-05-27T03:33:15.244Z - success: tester loaded
2018-05-27T03:33:15.248Z - success: ui-kit-preview-extra loaded
2018-05-27T03:33:15.251Z - success: ui-kit-preview loaded
2018-05-27T03:33:15.255Z - success: ui-tree loaded
2018-05-27T03:33:16.261Z - normal: Initializing project /Users/workspace/twenty
2018-05-27T03:33:16.263Z - normal: Loading packages
2018-05-27T03:33:16.268Z - normal: Watching packages
2018-05-27T03:33:16.277Z - normal: Run Application
2018-05-27T03:33:17.875Z - success: preview server running at http://localhost:7456
2018-05-27T03:33:22.299Z - normal: 1.9.1
2018-05-27T03:33:31.780Z - normal: Start building with options : {
  "androidStudio": true,
  "apiLevel": "",
  "appABIs": [],
  "appKey": "",
  "appSecret": "",
  "buildPath": "/Users/workspace/twenty/build",
  "debug": false,
  "dest": "/Users/workspace/twenty/build/wechatgame",
  "encryptJs": true,
  "excludeScenes": [],
  "excludedModules": [],
  "fb-instant-games": {},
  "includeAnySDK": false,
  "includeEruda": false,
  "includeSDKBox": false,
  "inlineSpriteFrames": true,
  "inlineSpriteFrames_native": true,
  "jailbreakPlatform": false,
  "md5Cache": false,
  "mergeStartScene": false,
  "oauthLoginServer": "",
  "optimizeHotUpdate": true,
  "orientation": {
    "landscapeLeft": true,
    "landscapeRight": true,
    "portrait": false,
    "upsideDown": false
  },
  "packageName": "org.cocos2d.helloworld",
  "platform": "wechatgame",
  "previewHeight": "720",
  "previewWidth": "1280",
  "privateKey": "",
  "qqplay": {
    "REMOTE_SERVER_ROOT": "",
    "orientation": "portrait"
  },
  "renderMode": "0",
  "scenes": [
    "cc76203b-87f5-4a97-b925-1ece5c3b1370"
  ],
  "sourceMaps": false,
  "startScene": "cc76203b-87f5-4a97-b925-1ece5c3b1370",
  "template": "link",
  "title": "hello_world",
  "useDebugKeystore": true,
  "vsVersion": "auto",
  "webOrientation": "auto",
  "wechatgame": {
    "REMOTE_SERVER_ROOT": "",
    "appid": "wx6ac3f5090a6b99c5",
    "isSubdomain": false,
    "orientation": "portrait",
    "subContext": ""
  },
  "xxteaKey": "59f1b0b7-2e04-43",
  "zipCompressJs": true,
  "project": "/Users/workspace/twenty",
  "projectName": "hello_world",
  "debugBuildWorker": false
}
2018-05-27T03:33:31.783Z - normal: Building /Users/workspace/twenty
2018-05-27T03:33:31.783Z - normal: Destination /Users/workspace/twenty/build/wechatgame
2018-05-27T03:33:32.090Z - normal: Delete /Users/workspace/twenty/build/wechatgame/**/*
2018-05-27T03:33:34.125Z - normal: Compiled project javascript file successfully
2018-05-27T03:33:34.126Z - normal: Start building assets
2018-05-27T03:33:34.126Z - normal: Start spawn build-worker
2018-05-27T03:33:34.804Z - normal: Finish spawn build-worker
2018-05-27T03:33:34.804Z - normal: Start init build-worker
2018-05-27T03:33:36.780Z - normal: 1.9.1
2018-05-27T03:33:36.894Z - normal: Finish init build-worker
2018-05-27T03:33:36.895Z - normal: Start build-assets in worker
2018-05-27T03:33:37.077Z - warn: Can not find particle texture in /Users/workspace/twenty/assets/particles/Untitled 1.png, plist: /Users/workspace/twenty/assets/particles/bomb.plist
2018-05-27T03:33:37.212Z - normal: Finish build-assets in worker
2018-05-27T03:33:37.215Z - normal: Finish building assets
2018-05-27T03:33:37.225Z - normal: Start building raw assets
2018-05-27T03:33:37.227Z - normal: Start building plugin scripts
2018-05-27T03:33:37.279Z - normal: Finish building raw assets
2018-05-27T03:33:37.284Z - normal: Generating main.js from /Applications/CocosCreator.app/Contents/Resources/static/build-templates/shares/main.js
2018-05-27T03:33:37.346Z - normal: Built to "/Users/workspace/twenty/build/wechatgame" successfully
2018-05-27T03:33:48.135Z - normal: Initializing...

2018-05-27T03:33:48.141Z - normal: idePortFile: /Users/Joker/Library/Application Support/微信web开发者工具/Default/.ide

2018-05-27T03:33:48.159Z - normal: IDE server has started, listening on http://127.0.0.1:62368

2018-05-27T03:33:48.159Z - normal: initialization finished

2018-05-27T03:33:48.310Z - normal: open IDE success

2018-05-27T03:33:59.518Z - normal: Initializing...

2018-05-27T03:33:59.523Z - normal: idePortFile: /Users/Joker/Library/Application Support/微信web开发者工具/Default/.ide

2018-05-27T03:33:59.540Z - normal: IDE server has started, listening on http://127.0.0.1:62368

2018-05-27T03:33:59.540Z - normal: initialization finished

2018-05-27T03:33:59.684Z - normal: open IDE success

2018-05-27T03:34:04.656Z - normal: Initializing...

2018-05-27T03:34:04.661Z - normal: idePortFile: /Users/Joker/Library/Application Support/微信web开发者工具/Default/.ide

2018-05-27T03:34:04.676Z - normal: IDE server has started, listening on http://127.0.0.1:62368

2018-05-27T03:34:04.676Z - normal: initialization finished

2018-05-27T03:34:04.814Z - normal: open IDE success

2018-05-27T04:10:23.905Z - normal: Introduced global variable while editing: i
2018-05-27T04:10:23.907Z - normal: Introduced global variable while editing: l
